<?xml version="1.0" encoding="UTF-8"?>
<!-- Generated by org.testng.reporters.JUnitReportReporter -->
<testsuite hostname="LAPTOP-N81UPETV" failures="0" tests="1" name="introductio.Extentrepors" time="20.937" errors="0" timestamp="2022-11-10T12:30:47 IST" skipped="0">
  <testcase classname="introductio.Extentrepors" name="testdemo" time="20.937"/>
  <system-out/>
</testsuite> <!-- introductio.Extentrepors -->
